[24/09/18 05:23:01:001 CDT]  INFO cfg.Environment: Hibernate 3.3.2.GA
[24/09/18 05:23:01:001 CDT]  INFO cfg.Environment: hibernate.properties not found
[24/09/18 05:23:01:001 CDT]  INFO cfg.Environment: Bytecode provider name : javassist
[24/09/18 05:23:01:001 CDT]  INFO cfg.Environment: using JDK 1.4 java.sql.Timestamp handling
[24/09/18 05:23:01:001 CDT]  INFO cfg.Configuration: configuring from resource: hibernate.cfg.xml
[24/09/18 05:23:01:001 CDT]  INFO cfg.Configuration: Configuration resource: hibernate.cfg.xml
[24/09/18 05:23:01:001 CDT] DEBUG util.DTDEntityResolver: trying to resolve system-id [http://hibernate.sourceforge.net/hibernate-configuration-3.0.dtd]
[24/09/18 05:23:01:001 CDT] DEBUG util.DTDEntityResolver: recognized hibernate namespace; attempting to resolve on classpath under org/hibernate/
[24/09/18 05:23:01:001 CDT] DEBUG util.DTDEntityResolver: located [http://hibernate.sourceforge.net/hibernate-configuration-3.0.dtd] in classpath
[24/09/18 05:23:01:001 CDT] DEBUG cfg.Configuration: hbm2ddl.auto=update
[24/09/18 05:23:01:001 CDT] DEBUG cfg.Configuration: dialect=org.hibernate.dialect.MySQLDialect
[24/09/18 05:23:01:001 CDT] DEBUG cfg.Configuration: connection.url=jdbc:mysql://localhost/test
[24/09/18 05:23:01:001 CDT] DEBUG cfg.Configuration: connection.username=root
[24/09/18 05:23:01:001 CDT] DEBUG cfg.Configuration: connection.password=ravi
[24/09/18 05:23:01:001 CDT] DEBUG cfg.Configuration: connection.driver_class=com.mysql.jdbc.Driver
[24/09/18 05:23:01:001 CDT] DEBUG cfg.Configuration: null<-org.dom4j.tree.DefaultAttribute@629f0666 [Attribute: name resource value "employee.hbm.xml"]
[24/09/18 05:23:01:001 CDT]  INFO cfg.Configuration: Reading mappings from resource : employee.hbm.xml
[24/09/18 05:23:01:001 CDT] DEBUG util.DTDEntityResolver: trying to resolve system-id [http://hibernate.sourceforge.net/hibernate-mapping-3.0.dtd]
[24/09/18 05:23:01:001 CDT] DEBUG util.DTDEntityResolver: recognized hibernate namespace; attempting to resolve on classpath under org/hibernate/
[24/09/18 05:23:01:001 CDT] DEBUG util.DTDEntityResolver: located [http://hibernate.sourceforge.net/hibernate-mapping-3.0.dtd] in classpath
[24/09/18 05:23:01:001 CDT]  INFO cfg.HbmBinder: Mapping class: com.hibernate.test.Employee -> emp
[24/09/18 05:23:01:001 CDT] DEBUG cfg.HbmBinder: Mapped property: id -> id
[24/09/18 05:23:01:001 CDT] DEBUG cfg.HbmBinder: Mapped property: name -> name
[24/09/18 05:23:01:001 CDT] DEBUG cfg.HbmBinder: Mapped property: salary -> salary
[24/09/18 05:23:01:001 CDT]  INFO cfg.Configuration: Configured SessionFactory: null
[24/09/18 05:23:01:001 CDT] DEBUG cfg.Configuration: properties: {hibernate.connection.password=ravi, java.runtime.name=Java(TM) SE Runtime Environment, sun.boot.library.path=C:\Program Files\Java\jre1.8.0_171\bin, java.vm.version=25.171-b11, hibernate.connection.username=root, java.vm.vendor=Oracle Corporation, java.vendor.url=http://java.oracle.com/, path.separator=;, java.vm.name=Java HotSpot(TM) 64-Bit Server VM, file.encoding.pkg=sun.io, user.script=, user.country=US, sun.java.launcher=SUN_STANDARD, sun.os.patch.level=Service Pack 1, java.vm.specification.name=Java Virtual Machine Specification, user.dir=C:\KBS_WORK\MY_WORKSPACE\hibernate_examples\HibernateEx3Log4j, java.runtime.version=1.8.0_171-b11, java.awt.graphicsenv=sun.awt.Win32GraphicsEnvironment, hbm2ddl.auto=update, java.endorsed.dirs=C:\Program Files\Java\jre1.8.0_171\lib\endorsed, os.arch=amd64, java.io.tmpdir=C:\Users\TI-JF1~1\AppData\Local\Temp\, line.separator=
, java.vm.specification.vendor=Oracle Corporation, user.variant=, os.name=Windows 7, sun.jnu.encoding=Cp1252, java.library.path=C:\Program Files\Java\jre1.8.0_171\bin;C:\Windows\Sun\Java\bin;C:\Windows\system32;C:\Windows;C:/Program Files/Java/jre1.8.0_171/bin/server;C:/Program Files/Java/jre1.8.0_171/bin;C:/Program Files/Java/jre1.8.0_171/lib/amd64;C:\Program Files (x86)\Common Files\Oracle\Java\javapath;C:\ProgramData\Oracle\Java\javapath;C:\Python34\;C:\Python34\Scripts;c:\Program Files (x86)\Intel\iCLS Client\;c:\Program Files\Intel\iCLS Client\;C:\Windows\system32;C:\Windows;C:\Windows\System32\Wbem;C:\Windows\System32\WindowsPowerShell\v1.0\;C:\Program Files\Intel\Intel(R) Management Engine Components\DAL;C:\Program Files\Intel\Intel(R) Management Engine Components\IPT;C:\Program Files (x86)\Intel\Intel(R) Management Engine Components\DAL;C:\Program Files (x86)\Intel\Intel(R) Management Engine Components\IPT;C:\Program Files\Intel\WiFi\bin\;C:\Program Files\Common Files\Intel\WirelessCommon\;C:\Program Files (x86)\Shoreline Communications\ShoreWare Client\;C:\Program Files (x86)\Shoreline Communications\ShoreWare Client\win64;C:\Program Files\Java\jdk1.8.0_131\bin;C:\Program Files\Java\jdk1.8.0_131\jre\bin;C:\apache-maven-3.2.5\bin;C:\Program Files\TortoiseSVN\bin;C:\Program Files\MongoDB\Server\3.2\bin;C:\Program Files\Git\cmd;C:\Program Files (x86)\PuTTY;C:\Program Files (x86)\MySQL\MySQL Utilities\;C:\Program Files (x86)\MySQL\MySQL Utilities\Doctrine extensions for PHP\;C:\Program Files\TortoiseGit\bin;C:\Program Files\nodejs\;C:\Program Files (x86)\WinMerge;C:\Gradle\gradle-3.1\bin;C:\Users\TI-JF13J22\AppData\Roaming\npm;C:\MY_TEST\eclipse;;., java.specification.name=Java Platform API Specification, java.class.version=52.0, sun.management.compiler=HotSpot 64-Bit Tiered Compilers, os.version=6.1, connection.password=ravi, user.home=C:\Users\TI-JF13J22, user.timezone=America/Chicago, connection.username=root, java.awt.printerjob=sun.awt.windows.WPrinterJob, file.encoding=Cp1252, java.specification.version=1.8, hibernate.connection.driver_class=com.mysql.jdbc.Driver, java.class.path=C:\Program Files\Java\jre1.8.0_171\lib\resources.jar;C:\Program Files\Java\jre1.8.0_171\lib\rt.jar;C:\Program Files\Java\jre1.8.0_171\lib\jsse.jar;C:\Program Files\Java\jre1.8.0_171\lib\jce.jar;C:\Program Files\Java\jre1.8.0_171\lib\charsets.jar;C:\Program Files\Java\jre1.8.0_171\lib\jfr.jar;C:\Program Files\Java\jre1.8.0_171\lib\ext\access-bridge-64.jar;C:\Program Files\Java\jre1.8.0_171\lib\ext\cldrdata.jar;C:\Program Files\Java\jre1.8.0_171\lib\ext\dnsns.jar;C:\Program Files\Java\jre1.8.0_171\lib\ext\jaccess.jar;C:\Program Files\Java\jre1.8.0_171\lib\ext\jfxrt.jar;C:\Program Files\Java\jre1.8.0_171\lib\ext\localedata.jar;C:\Program Files\Java\jre1.8.0_171\lib\ext\nashorn.jar;C:\Program Files\Java\jre1.8.0_171\lib\ext\sunec.jar;C:\Program Files\Java\jre1.8.0_171\lib\ext\sunjce_provider.jar;C:\Program Files\Java\jre1.8.0_171\lib\ext\sunmscapi.jar;C:\Program Files\Java\jre1.8.0_171\lib\ext\sunpkcs11.jar;C:\Program Files\Java\jre1.8.0_171\lib\ext\zipfs.jar;C:\KBS_WORK\MY_WORKSPACE\hibernate_examples\HibernateEx3Log4j\bin;C:\KBS_WORK\MY_WORKSPACE\hibernate_examples\HibernateEx3Log4j\lib\antlr-2.7.6.jar;C:\KBS_WORK\MY_WORKSPACE\hibernate_examples\HibernateEx3Log4j\lib\c3p0-0.9.1.jar;C:\KBS_WORK\MY_WORKSPACE\hibernate_examples\HibernateEx3Log4j\lib\cglib-2.2.jar;C:\KBS_WORK\MY_WORKSPACE\hibernate_examples\HibernateEx3Log4j\lib\commons-beanutils-1.7.0.jar;C:\KBS_WORK\MY_WORKSPACE\hibernate_examples\HibernateEx3Log4j\lib\commons-cli-1.3.1.jar;C:\KBS_WORK\MY_WORKSPACE\hibernate_examples\HibernateEx3Log4j\lib\commons-collections-3.1.jar;C:\KBS_WORK\MY_WORKSPACE\hibernate_examples\HibernateEx3Log4j\lib\commons-io-2.5.jar;C:\KBS_WORK\MY_WORKSPACE\hibernate_examples\HibernateEx3Log4j\lib\commons-lang3-3.4.jar;C:\KBS_WORK\MY_WORKSPACE\hibernate_examples\HibernateEx3Log4j\lib\commons-logging-1.2.jar;C:\KBS_WORK\MY_WORKSPACE\hibernate_examples\HibernateEx3Log4j\lib\dom4j-1.6.1.jar;C:\KBS_WORK\MY_WORKSPACE\hibernate_examples\HibernateEx3Log4j\lib\ehcache-1.2.3.jar;C:\KBS_WORK\MY_WORKSPACE\hibernate_examples\HibernateEx3Log4j\lib\hibernate3.jar;C:\KBS_WORK\MY_WORKSPACE\hibernate_examples\HibernateEx3Log4j\lib\hibernate-annotations-3.2.0.ga.jar;C:\KBS_WORK\MY_WORKSPACE\hibernate_examples\HibernateEx3Log4j\lib\hibernate-commons-annotations-3.2.0.final.jar;C:\KBS_WORK\MY_WORKSPACE\hibernate_examples\HibernateEx3Log4j\lib\hibernate-testing.jar;C:\KBS_WORK\MY_WORKSPACE\hibernate_examples\HibernateEx3Log4j\lib\javassist-3.9.0.GA.jar;C:\KBS_WORK\MY_WORKSPACE\hibernate_examples\HibernateEx3Log4j\lib\javax.persistence.jar;C:\KBS_WORK\MY_WORKSPACE\hibernate_examples\HibernateEx3Log4j\lib\jboss-cache-1.4.1.GA.jar;C:\KBS_WORK\MY_WORKSPACE\hibernate_examples\HibernateEx3Log4j\lib\jbosscache-core-3.1.0.GA.jar;C:\KBS_WORK\MY_WORKSPACE\hibernate_examples\HibernateEx3Log4j\lib\jta-1.1.jar;C:\KBS_WORK\MY_WORKSPACE\hibernate_examples\HibernateEx3Log4j\lib\log4j-1.2.16.jar;C:\KBS_WORK\MY_WORKSPACE\hibernate_examples\HibernateEx3Log4j\lib\mysql-connector-java-5.0.8-bin.jar;C:\KBS_WORK\MY_WORKSPACE\hibernate_examples\HibernateEx3Log4j\lib\oscache-2.1.jar;C:\KBS_WORK\MY_WORKSPACE\hibernate_examples\HibernateEx3Log4j\lib\proxool-0.8.3.jar;C:\KBS_WORK\MY_WORKSPACE\hibernate_examples\HibernateEx3Log4j\lib\slf4j-api-1.7.25.jar;C:\KBS_WORK\MY_WORKSPACE\hibernate_examples\HibernateEx3Log4j\lib\slf4j-log4j12-1.7.21.jar;C:\KBS_WORK\MY_WORKSPACE\hibernate_examples\HibernateEx3Log4j\lib\swarmcache-1.0RC2.jar, user.name=TI-JF13J22, hibernate.bytecode.use_reflection_optimizer=false, java.vm.specification.version=1.8, sun.java.command=com.hibernate.test.PersistRecordTest, java.home=C:\Program Files\Java\jre1.8.0_171, sun.arch.data.model=64, hibernate.connection.url=jdbc:mysql://localhost/test, hibernate.dialect=org.hibernate.dialect.MySQLDialect, user.language=en, java.specification.vendor=Oracle Corporation, awt.toolkit=sun.awt.windows.WToolkit, java.vm.info=mixed mode, java.version=1.8.0_171, java.ext.dirs=C:\Program Files\Java\jre1.8.0_171\lib\ext;C:\Windows\Sun\Java\lib\ext, sun.boot.class.path=C:\Program Files\Java\jre1.8.0_171\lib\resources.jar;C:\Program Files\Java\jre1.8.0_171\lib\rt.jar;C:\Program Files\Java\jre1.8.0_171\lib\sunrsasign.jar;C:\Program Files\Java\jre1.8.0_171\lib\jsse.jar;C:\Program Files\Java\jre1.8.0_171\lib\jce.jar;C:\Program Files\Java\jre1.8.0_171\lib\charsets.jar;C:\Program Files\Java\jre1.8.0_171\lib\jfr.jar;C:\Program Files\Java\jre1.8.0_171\classes, java.vendor=Oracle Corporation, connection.driver_class=com.mysql.jdbc.Driver, file.separator=\, hibernate.hbm2ddl.auto=update, java.vendor.url.bug=http://bugreport.sun.com/bugreport/, sun.io.unicode.encoding=UnicodeLittle, sun.cpu.endian=little, sun.desktop=windows, connection.url=jdbc:mysql://localhost/test, dialect=org.hibernate.dialect.MySQLDialect, sun.cpu.isalist=amd64}
[24/09/18 05:23:01:001 CDT] DEBUG cfg.Configuration: Preparing to build session factory with filters : {}
[24/09/18 05:23:01:001 CDT] DEBUG cfg.Configuration: processing extends queue
[24/09/18 05:23:01:001 CDT] DEBUG cfg.Configuration: processing collection mappings
[24/09/18 05:23:01:001 CDT] DEBUG cfg.Configuration: processing native query and ResultSetMapping mappings
[24/09/18 05:23:01:001 CDT] DEBUG cfg.Configuration: processing association property references
[24/09/18 05:23:01:001 CDT] DEBUG cfg.Configuration: processing foreign key constraints
[24/09/18 05:23:02:002 CDT]  INFO connection.DriverManagerConnectionProvider: Using Hibernate built-in connection pool (not for production use!)
[24/09/18 05:23:02:002 CDT]  INFO connection.DriverManagerConnectionProvider: Hibernate connection pool size: 20
[24/09/18 05:23:02:002 CDT]  INFO connection.DriverManagerConnectionProvider: autocommit mode: false
[24/09/18 05:23:02:002 CDT]  INFO connection.DriverManagerConnectionProvider: using driver: com.mysql.jdbc.Driver at URL: jdbc:mysql://localhost/test
[24/09/18 05:23:02:002 CDT]  INFO connection.DriverManagerConnectionProvider: connection properties: {user=root, password=ravi}
[24/09/18 05:23:02:002 CDT] DEBUG connection.DriverManagerConnectionProvider: opening new JDBC connection
[24/09/18 05:23:02:002 CDT] DEBUG connection.DriverManagerConnectionProvider: created connection to: jdbc:mysql://localhost/test, Isolation Level: 4
[24/09/18 05:23:02:002 CDT]  INFO cfg.SettingsFactory: RDBMS: MySQL, version: 5.5.42
[24/09/18 05:23:02:002 CDT]  INFO cfg.SettingsFactory: JDBC driver: MySQL-AB JDBC Driver, version: mysql-connector-java-5.0.8 ( Revision: ${svn.Revision} )
[24/09/18 05:23:02:002 CDT]  INFO dialect.Dialect: Using dialect: org.hibernate.dialect.MySQLDialect
[24/09/18 05:23:02:002 CDT]  INFO transaction.TransactionFactoryFactory: Using default transaction strategy (direct JDBC transactions)
[24/09/18 05:23:02:002 CDT]  INFO transaction.TransactionManagerLookupFactory: No TransactionManagerLookup configured (in JTA environment, use of read-write or transactional second-level cache is not recommended)
[24/09/18 05:23:02:002 CDT]  INFO cfg.SettingsFactory: Automatic flush during beforeCompletion(): disabled
[24/09/18 05:23:02:002 CDT]  INFO cfg.SettingsFactory: Automatic session close at end of transaction: disabled
[24/09/18 05:23:02:002 CDT]  INFO cfg.SettingsFactory: JDBC batch size: 15
[24/09/18 05:23:02:002 CDT]  INFO cfg.SettingsFactory: JDBC batch updates for versioned data: disabled
[24/09/18 05:23:02:002 CDT]  INFO cfg.SettingsFactory: Scrollable result sets: enabled
[24/09/18 05:23:02:002 CDT] DEBUG cfg.SettingsFactory: Wrap result sets: disabled
[24/09/18 05:23:02:002 CDT]  INFO cfg.SettingsFactory: JDBC3 getGeneratedKeys(): enabled
[24/09/18 05:23:02:002 CDT]  INFO cfg.SettingsFactory: Connection release mode: auto
[24/09/18 05:23:02:002 CDT]  INFO cfg.SettingsFactory: Maximum outer join fetch depth: 2
[24/09/18 05:23:02:002 CDT]  INFO cfg.SettingsFactory: Default batch fetch size: 1
[24/09/18 05:23:02:002 CDT]  INFO cfg.SettingsFactory: Generate SQL with comments: disabled
[24/09/18 05:23:02:002 CDT]  INFO cfg.SettingsFactory: Order SQL updates by primary key: disabled
[24/09/18 05:23:02:002 CDT]  INFO cfg.SettingsFactory: Order SQL inserts for batching: disabled
[24/09/18 05:23:02:002 CDT]  INFO cfg.SettingsFactory: Query translator: org.hibernate.hql.ast.ASTQueryTranslatorFactory
[24/09/18 05:23:02:002 CDT]  INFO ast.ASTQueryTranslatorFactory: Using ASTQueryTranslatorFactory
[24/09/18 05:23:02:002 CDT]  INFO cfg.SettingsFactory: Query language substitutions: {}
[24/09/18 05:23:02:002 CDT]  INFO cfg.SettingsFactory: JPA-QL strict compliance: disabled
[24/09/18 05:23:02:002 CDT]  INFO cfg.SettingsFactory: Second-level cache: enabled
[24/09/18 05:23:02:002 CDT]  INFO cfg.SettingsFactory: Query cache: disabled
[24/09/18 05:23:02:002 CDT]  INFO cfg.SettingsFactory: Cache region factory : org.hibernate.cache.impl.NoCachingRegionFactory
[24/09/18 05:23:02:002 CDT]  INFO cfg.SettingsFactory: Optimize cache for minimal puts: disabled
[24/09/18 05:23:02:002 CDT]  INFO cfg.SettingsFactory: Structured second-level cache entries: disabled
[24/09/18 05:23:02:002 CDT]  INFO cfg.SettingsFactory: Statistics: disabled
[24/09/18 05:23:02:002 CDT]  INFO cfg.SettingsFactory: Deleted entity synthetic identifier rollback: disabled
[24/09/18 05:23:02:002 CDT]  INFO cfg.SettingsFactory: Default entity-mode: pojo
[24/09/18 05:23:02:002 CDT]  INFO cfg.SettingsFactory: Named query checking : enabled
[24/09/18 05:23:02:002 CDT]  INFO impl.SessionFactoryImpl: building session factory
[24/09/18 05:23:02:002 CDT] DEBUG impl.SessionFactoryImpl: Session factory constructed with filter configurations : {}
[24/09/18 05:23:02:002 CDT] DEBUG impl.SessionFactoryImpl: instantiating session factory with properties: {java.runtime.name=Java(TM) SE Runtime Environment, hibernate.connection.password=ravi, sun.boot.library.path=C:\Program Files\Java\jre1.8.0_171\bin, java.vm.version=25.171-b11, hibernate.connection.username=root, java.vm.vendor=Oracle Corporation, java.vendor.url=http://java.oracle.com/, path.separator=;, java.vm.name=Java HotSpot(TM) 64-Bit Server VM, file.encoding.pkg=sun.io, user.script=, user.country=US, sun.java.launcher=SUN_STANDARD, sun.os.patch.level=Service Pack 1, java.vm.specification.name=Java Virtual Machine Specification, user.dir=C:\KBS_WORK\MY_WORKSPACE\hibernate_examples\HibernateEx3Log4j, java.runtime.version=1.8.0_171-b11, java.awt.graphicsenv=sun.awt.Win32GraphicsEnvironment, hbm2ddl.auto=update, java.endorsed.dirs=C:\Program Files\Java\jre1.8.0_171\lib\endorsed, os.arch=amd64, java.io.tmpdir=C:\Users\TI-JF1~1\AppData\Local\Temp\, line.separator=
, java.vm.specification.vendor=Oracle Corporation, user.variant=, os.name=Windows 7, sun.jnu.encoding=Cp1252, java.library.path=C:\Program Files\Java\jre1.8.0_171\bin;C:\Windows\Sun\Java\bin;C:\Windows\system32;C:\Windows;C:/Program Files/Java/jre1.8.0_171/bin/server;C:/Program Files/Java/jre1.8.0_171/bin;C:/Program Files/Java/jre1.8.0_171/lib/amd64;C:\Program Files (x86)\Common Files\Oracle\Java\javapath;C:\ProgramData\Oracle\Java\javapath;C:\Python34\;C:\Python34\Scripts;c:\Program Files (x86)\Intel\iCLS Client\;c:\Program Files\Intel\iCLS Client\;C:\Windows\system32;C:\Windows;C:\Windows\System32\Wbem;C:\Windows\System32\WindowsPowerShell\v1.0\;C:\Program Files\Intel\Intel(R) Management Engine Components\DAL;C:\Program Files\Intel\Intel(R) Management Engine Components\IPT;C:\Program Files (x86)\Intel\Intel(R) Management Engine Components\DAL;C:\Program Files (x86)\Intel\Intel(R) Management Engine Components\IPT;C:\Program Files\Intel\WiFi\bin\;C:\Program Files\Common Files\Intel\WirelessCommon\;C:\Program Files (x86)\Shoreline Communications\ShoreWare Client\;C:\Program Files (x86)\Shoreline Communications\ShoreWare Client\win64;C:\Program Files\Java\jdk1.8.0_131\bin;C:\Program Files\Java\jdk1.8.0_131\jre\bin;C:\apache-maven-3.2.5\bin;C:\Program Files\TortoiseSVN\bin;C:\Program Files\MongoDB\Server\3.2\bin;C:\Program Files\Git\cmd;C:\Program Files (x86)\PuTTY;C:\Program Files (x86)\MySQL\MySQL Utilities\;C:\Program Files (x86)\MySQL\MySQL Utilities\Doctrine extensions for PHP\;C:\Program Files\TortoiseGit\bin;C:\Program Files\nodejs\;C:\Program Files (x86)\WinMerge;C:\Gradle\gradle-3.1\bin;C:\Users\TI-JF13J22\AppData\Roaming\npm;C:\MY_TEST\eclipse;;., java.specification.name=Java Platform API Specification, java.class.version=52.0, sun.management.compiler=HotSpot 64-Bit Tiered Compilers, os.version=6.1, user.home=C:\Users\TI-JF13J22, connection.password=ravi, user.timezone=America/Chicago, java.awt.printerjob=sun.awt.windows.WPrinterJob, connection.username=root, java.specification.version=1.8, file.encoding=Cp1252, hibernate.connection.driver_class=com.mysql.jdbc.Driver, user.name=TI-JF13J22, java.class.path=C:\Program Files\Java\jre1.8.0_171\lib\resources.jar;C:\Program Files\Java\jre1.8.0_171\lib\rt.jar;C:\Program Files\Java\jre1.8.0_171\lib\jsse.jar;C:\Program Files\Java\jre1.8.0_171\lib\jce.jar;C:\Program Files\Java\jre1.8.0_171\lib\charsets.jar;C:\Program Files\Java\jre1.8.0_171\lib\jfr.jar;C:\Program Files\Java\jre1.8.0_171\lib\ext\access-bridge-64.jar;C:\Program Files\Java\jre1.8.0_171\lib\ext\cldrdata.jar;C:\Program Files\Java\jre1.8.0_171\lib\ext\dnsns.jar;C:\Program Files\Java\jre1.8.0_171\lib\ext\jaccess.jar;C:\Program Files\Java\jre1.8.0_171\lib\ext\jfxrt.jar;C:\Program Files\Java\jre1.8.0_171\lib\ext\localedata.jar;C:\Program Files\Java\jre1.8.0_171\lib\ext\nashorn.jar;C:\Program Files\Java\jre1.8.0_171\lib\ext\sunec.jar;C:\Program Files\Java\jre1.8.0_171\lib\ext\sunjce_provider.jar;C:\Program Files\Java\jre1.8.0_171\lib\ext\sunmscapi.jar;C:\Program Files\Java\jre1.8.0_171\lib\ext\sunpkcs11.jar;C:\Program Files\Java\jre1.8.0_171\lib\ext\zipfs.jar;C:\KBS_WORK\MY_WORKSPACE\hibernate_examples\HibernateEx3Log4j\bin;C:\KBS_WORK\MY_WORKSPACE\hibernate_examples\HibernateEx3Log4j\lib\antlr-2.7.6.jar;C:\KBS_WORK\MY_WORKSPACE\hibernate_examples\HibernateEx3Log4j\lib\c3p0-0.9.1.jar;C:\KBS_WORK\MY_WORKSPACE\hibernate_examples\HibernateEx3Log4j\lib\cglib-2.2.jar;C:\KBS_WORK\MY_WORKSPACE\hibernate_examples\HibernateEx3Log4j\lib\commons-beanutils-1.7.0.jar;C:\KBS_WORK\MY_WORKSPACE\hibernate_examples\HibernateEx3Log4j\lib\commons-cli-1.3.1.jar;C:\KBS_WORK\MY_WORKSPACE\hibernate_examples\HibernateEx3Log4j\lib\commons-collections-3.1.jar;C:\KBS_WORK\MY_WORKSPACE\hibernate_examples\HibernateEx3Log4j\lib\commons-io-2.5.jar;C:\KBS_WORK\MY_WORKSPACE\hibernate_examples\HibernateEx3Log4j\lib\commons-lang3-3.4.jar;C:\KBS_WORK\MY_WORKSPACE\hibernate_examples\HibernateEx3Log4j\lib\commons-logging-1.2.jar;C:\KBS_WORK\MY_WORKSPACE\hibernate_examples\HibernateEx3Log4j\lib\dom4j-1.6.1.jar;C:\KBS_WORK\MY_WORKSPACE\hibernate_examples\HibernateEx3Log4j\lib\ehcache-1.2.3.jar;C:\KBS_WORK\MY_WORKSPACE\hibernate_examples\HibernateEx3Log4j\lib\hibernate3.jar;C:\KBS_WORK\MY_WORKSPACE\hibernate_examples\HibernateEx3Log4j\lib\hibernate-annotations-3.2.0.ga.jar;C:\KBS_WORK\MY_WORKSPACE\hibernate_examples\HibernateEx3Log4j\lib\hibernate-commons-annotations-3.2.0.final.jar;C:\KBS_WORK\MY_WORKSPACE\hibernate_examples\HibernateEx3Log4j\lib\hibernate-testing.jar;C:\KBS_WORK\MY_WORKSPACE\hibernate_examples\HibernateEx3Log4j\lib\javassist-3.9.0.GA.jar;C:\KBS_WORK\MY_WORKSPACE\hibernate_examples\HibernateEx3Log4j\lib\javax.persistence.jar;C:\KBS_WORK\MY_WORKSPACE\hibernate_examples\HibernateEx3Log4j\lib\jboss-cache-1.4.1.GA.jar;C:\KBS_WORK\MY_WORKSPACE\hibernate_examples\HibernateEx3Log4j\lib\jbosscache-core-3.1.0.GA.jar;C:\KBS_WORK\MY_WORKSPACE\hibernate_examples\HibernateEx3Log4j\lib\jta-1.1.jar;C:\KBS_WORK\MY_WORKSPACE\hibernate_examples\HibernateEx3Log4j\lib\log4j-1.2.16.jar;C:\KBS_WORK\MY_WORKSPACE\hibernate_examples\HibernateEx3Log4j\lib\mysql-connector-java-5.0.8-bin.jar;C:\KBS_WORK\MY_WORKSPACE\hibernate_examples\HibernateEx3Log4j\lib\oscache-2.1.jar;C:\KBS_WORK\MY_WORKSPACE\hibernate_examples\HibernateEx3Log4j\lib\proxool-0.8.3.jar;C:\KBS_WORK\MY_WORKSPACE\hibernate_examples\HibernateEx3Log4j\lib\slf4j-api-1.7.25.jar;C:\KBS_WORK\MY_WORKSPACE\hibernate_examples\HibernateEx3Log4j\lib\slf4j-log4j12-1.7.21.jar;C:\KBS_WORK\MY_WORKSPACE\hibernate_examples\HibernateEx3Log4j\lib\swarmcache-1.0RC2.jar, hibernate.bytecode.use_reflection_optimizer=false, java.vm.specification.version=1.8, sun.arch.data.model=64, java.home=C:\Program Files\Java\jre1.8.0_171, sun.java.command=com.hibernate.test.PersistRecordTest, hibernate.dialect=org.hibernate.dialect.MySQLDialect, hibernate.connection.url=jdbc:mysql://localhost/test, java.specification.vendor=Oracle Corporation, user.language=en, awt.toolkit=sun.awt.windows.WToolkit, java.vm.info=mixed mode, java.version=1.8.0_171, java.ext.dirs=C:\Program Files\Java\jre1.8.0_171\lib\ext;C:\Windows\Sun\Java\lib\ext, sun.boot.class.path=C:\Program Files\Java\jre1.8.0_171\lib\resources.jar;C:\Program Files\Java\jre1.8.0_171\lib\rt.jar;C:\Program Files\Java\jre1.8.0_171\lib\sunrsasign.jar;C:\Program Files\Java\jre1.8.0_171\lib\jsse.jar;C:\Program Files\Java\jre1.8.0_171\lib\jce.jar;C:\Program Files\Java\jre1.8.0_171\lib\charsets.jar;C:\Program Files\Java\jre1.8.0_171\lib\jfr.jar;C:\Program Files\Java\jre1.8.0_171\classes, java.vendor=Oracle Corporation, file.separator=\, connection.driver_class=com.mysql.jdbc.Driver, java.vendor.url.bug=http://bugreport.sun.com/bugreport/, hibernate.hbm2ddl.auto=update, sun.cpu.endian=little, sun.io.unicode.encoding=UnicodeLittle, sun.desktop=windows, connection.url=jdbc:mysql://localhost/test, sun.cpu.isalist=amd64, dialect=org.hibernate.dialect.MySQLDialect}
[24/09/18 05:23:02:002 CDT] DEBUG entity.AbstractEntityPersister: Static SQL for entity: com.hibernate.test.Employee
[24/09/18 05:23:02:002 CDT] DEBUG entity.AbstractEntityPersister:  Version select: select id from emp where id =?
[24/09/18 05:23:02:002 CDT] DEBUG entity.AbstractEntityPersister:  Snapshot select: select employee_.id, employee_.name as name0_, employee_.salary as salary0_ from emp employee_ where employee_.id=?
[24/09/18 05:23:02:002 CDT] DEBUG entity.AbstractEntityPersister:  Insert 0: insert into emp (name, salary, id) values (?, ?, ?)
[24/09/18 05:23:02:002 CDT] DEBUG entity.AbstractEntityPersister:  Update 0: update emp set name=?, salary=? where id=?
[24/09/18 05:23:02:002 CDT] DEBUG entity.AbstractEntityPersister:  Delete 0: delete from emp where id=?
[24/09/18 05:23:02:002 CDT] DEBUG entity.AbstractEntityPersister:  Identity insert: insert into emp (name, salary) values (?, ?)
[24/09/18 05:23:02:002 CDT] DEBUG entity.EntityLoader: Static select for entity com.hibernate.test.Employee: select employee0_.id as id0_0_, employee0_.name as name0_0_, employee0_.salary as salary0_0_ from emp employee0_ where employee0_.id=?
[24/09/18 05:23:02:002 CDT] DEBUG entity.EntityLoader: Static select for entity com.hibernate.test.Employee: select employee0_.id as id0_0_, employee0_.name as name0_0_, employee0_.salary as salary0_0_ from emp employee0_ where employee0_.id=?
[24/09/18 05:23:02:002 CDT] DEBUG entity.EntityLoader: Static select for entity com.hibernate.test.Employee: select employee0_.id as id0_0_, employee0_.name as name0_0_, employee0_.salary as salary0_0_ from emp employee0_ where employee0_.id=? for update
[24/09/18 05:23:02:002 CDT] DEBUG entity.EntityLoader: Static select for entity com.hibernate.test.Employee: select employee0_.id as id0_0_, employee0_.name as name0_0_, employee0_.salary as salary0_0_ from emp employee0_ where employee0_.id=? for update
[24/09/18 05:23:02:002 CDT] DEBUG entity.EntityLoader: Static select for entity com.hibernate.test.Employee: select employee0_.id as id0_0_, employee0_.name as name0_0_, employee0_.salary as salary0_0_ from emp employee0_ where employee0_.id=? for update
[24/09/18 05:23:02:002 CDT] DEBUG entity.EntityLoader: Static select for action ACTION_MERGE on entity com.hibernate.test.Employee: select employee0_.id as id0_0_, employee0_.name as name0_0_, employee0_.salary as salary0_0_ from emp employee0_ where employee0_.id=?
[24/09/18 05:23:02:002 CDT] DEBUG entity.EntityLoader: Static select for action ACTION_REFRESH on entity com.hibernate.test.Employee: select employee0_.id as id0_0_, employee0_.name as name0_0_, employee0_.salary as salary0_0_ from emp employee0_ where employee0_.id=?
[24/09/18 05:23:02:002 CDT] DEBUG impl.SessionFactoryObjectFactory: initializing class SessionFactoryObjectFactory
[24/09/18 05:23:02:002 CDT] DEBUG impl.SessionFactoryObjectFactory: registered: 4028e482660b1a9101660b1a92880000 (unnamed)
[24/09/18 05:23:02:002 CDT]  INFO impl.SessionFactoryObjectFactory: Not binding factory to JNDI, no JNDI name configured
[24/09/18 05:23:02:002 CDT] DEBUG impl.SessionFactoryImpl: instantiated session factory
[24/09/18 05:23:02:002 CDT]  INFO hbm2ddl.SchemaUpdate: Running hbm2ddl schema update
[24/09/18 05:23:02:002 CDT]  INFO hbm2ddl.SchemaUpdate: fetching database metadata
[24/09/18 05:23:02:002 CDT]  INFO hbm2ddl.SchemaUpdate: updating schema
[24/09/18 05:23:02:002 CDT] DEBUG cfg.Configuration: processing extends queue
[24/09/18 05:23:02:002 CDT] DEBUG cfg.Configuration: processing collection mappings
[24/09/18 05:23:02:002 CDT] DEBUG cfg.Configuration: processing native query and ResultSetMapping mappings
[24/09/18 05:23:02:002 CDT] DEBUG cfg.Configuration: processing association property references
[24/09/18 05:23:02:002 CDT] DEBUG cfg.Configuration: processing foreign key constraints
[24/09/18 05:23:02:002 CDT]  INFO hbm2ddl.TableMetadata: table found: test.emp
[24/09/18 05:23:02:002 CDT]  INFO hbm2ddl.TableMetadata: columns: [firstname, name, id, salary, lastname]
[24/09/18 05:23:02:002 CDT]  INFO hbm2ddl.TableMetadata: foreign keys: []
[24/09/18 05:23:02:002 CDT]  INFO hbm2ddl.TableMetadata: indexes: [primary]
[24/09/18 05:23:02:002 CDT]  INFO hbm2ddl.SchemaUpdate: schema update complete
[24/09/18 05:23:02:002 CDT] DEBUG impl.SessionFactoryImpl: Checking 0 named HQL queries
[24/09/18 05:23:02:002 CDT] DEBUG impl.SessionFactoryImpl: Checking 0 named SQL queries
[24/09/18 05:23:02:002 CDT] DEBUG impl.SessionImpl: opened session at timestamp: 15377845828
[24/09/18 05:23:02:002 CDT] DEBUG transaction.JDBCTransaction: begin
[24/09/18 05:23:02:002 CDT] DEBUG jdbc.ConnectionManager: opening JDBC connection
[24/09/18 05:23:02:002 CDT] DEBUG transaction.JDBCTransaction: current autocommit status: false
[24/09/18 05:23:02:002 CDT] DEBUG def.AbstractSaveEventListener: executing identity-insert immediately
[24/09/18 05:23:02:002 CDT] DEBUG jdbc.AbstractBatcher: about to open PreparedStatement (open PreparedStatements: 0, globally: 0)
[24/09/18 05:23:02:002 CDT] DEBUG hibernate.SQL: insert into emp (name, salary) values (?, ?)
[24/09/18 05:23:02:002 CDT] DEBUG id.IdentifierGeneratorFactory: Natively generated identity: 3
[24/09/18 05:23:02:002 CDT] DEBUG jdbc.AbstractBatcher: about to close PreparedStatement (open PreparedStatements: 1, globally: 1)
[24/09/18 05:23:02:002 CDT] DEBUG def.AbstractSaveEventListener: executing identity-insert immediately
[24/09/18 05:23:02:002 CDT] DEBUG jdbc.AbstractBatcher: about to open PreparedStatement (open PreparedStatements: 0, globally: 0)
[24/09/18 05:23:02:002 CDT] DEBUG hibernate.SQL: insert into emp (name, salary) values (?, ?)
[24/09/18 05:23:02:002 CDT] DEBUG id.IdentifierGeneratorFactory: Natively generated identity: 4
[24/09/18 05:23:02:002 CDT] DEBUG jdbc.AbstractBatcher: about to close PreparedStatement (open PreparedStatements: 1, globally: 1)
[24/09/18 05:23:02:002 CDT] DEBUG transaction.JDBCTransaction: commit
[24/09/18 05:23:02:002 CDT] DEBUG def.AbstractFlushingEventListener: processing flush-time cascades
[24/09/18 05:23:02:002 CDT] DEBUG def.AbstractFlushingEventListener: dirty checking collections
[24/09/18 05:23:02:002 CDT] DEBUG def.AbstractFlushingEventListener: Flushed: 0 insertions, 0 updates, 0 deletions to 2 objects
[24/09/18 05:23:02:002 CDT] DEBUG def.AbstractFlushingEventListener: Flushed: 0 (re)creations, 0 updates, 0 removals to 0 collections
[24/09/18 05:23:02:002 CDT] DEBUG pretty.Printer: listing entities:
[24/09/18 05:23:02:002 CDT] DEBUG pretty.Printer: com.hibernate.test.Employee{name=Rajkumar, id=4, salary=6000.0}
[24/09/18 05:23:02:002 CDT] DEBUG pretty.Printer: com.hibernate.test.Employee{name=Ravi, id=3, salary=4000.0}
[24/09/18 05:23:02:002 CDT] DEBUG transaction.JDBCTransaction: committed JDBC Connection
[24/09/18 05:23:02:002 CDT] DEBUG jdbc.ConnectionManager: aggressively releasing JDBC connection
[24/09/18 05:23:02:002 CDT] DEBUG jdbc.ConnectionManager: releasing JDBC connection [ (open PreparedStatements: 0, globally: 0) (open ResultSets: 0, globally: 0)]
